<?xml version="1.0" encoding="utf-8"?><testsuites name="pytest tests"><testsuite name="pytest" errors="0" failures="0" skipped="0" tests="62" time="5.866" timestamp="2026-08-17T13:32:58.479720+00:00" hostname="agent-env-63f95310-7013-428a-8256-02c75ac3965d"><testcase classname="tests.backend_test.TestPublic" name="test_tariffs_list" time="0.356" /><testcase classname="tests.backend_test.TestAdminOperations" name="test_list_endpoint[deliveries]" time="0.399" /><testcase classname="tests.backend_test.TestPublic" name="test_track_active_order" time="0.108" /><testcase classname="tests.backend_test.TestAdminOperations" name="test_list_endpoint[installations]" time="0.046" /><testcase classname="tests.backend_test.TestAdminOperations" name="test_list_endpoint[maintenances]" time="0.084" /><testcase classname="tests.backend_test.TestPublic" name="test_track_legacy_completed" time="0.097" /><testcase classname="tests.backend_test.TestAdminOperations" name="test_list_endpoint[returns]" time="0.050" /><testcase classname="tests.backend_test.TestPublic" name="test_track_legacy_sac" time="0.084" /><testcase classname="tests.backend_test.TestAdminOperations" name="test_list_endpoint[schedules]" time="0.064" /><testcase classname="tests.backend_test.TestPublic" name="test_track_not_found" time="0.132" /><testcase classname="tests.backend_test.TestAdminOperations" name="test_list_endpoint[payments]" time="0.058" /><testcase classname="tests.backend_test.TestAdminOperations" name="test_list_endpoint[orders]" time="0.049" /><testcase classname="tests.backend_test.TestAdminOperations" name="test_list_endpoint[customers]" time="0.048" /><testcase classname="tests.backend_test.TestPublic" name="test_access_wrong_kontak" time="0.096" /><testcase classname="tests.backend_test.TestAdminOperations" name="test_list_endpoint[billings]" time="0.051" /><testcase classname="tests.backend_test.TestAdminOperations" name="test_list_endpoint[notifications]" time="0.080" /><testcase classname="tests.backend_test.TestPublic" name="test_access_correct_kontak_active_order" time="0.110" /><testcase classname="tests.backend_test.TestAdminAccess" name="test_no_auth_admin" time="0.105" /><testcase classname="tests.backend_test.TestPublic" name="test_public_slots_valid_date" time="0.123" /><testcase classname="tests.backend_test.TestPublic" name="test_public_slots_invalid_date" time="0.288" /><testcase classname="tests.backend_test.TestAdminAccess" name="test_technician_forbidden_on_admin" time="1.090" /><testcase classname="tests.backend_test.TestPublic" name="test_public_slots_past_date_rejected" time="0.103" /><testcase classname="tests.backend_test.TestAuth" name="test_login_success_sets_cookies" time="0.322" /><testcase classname="tests.backend_test.TestAuth" name="test_login_invalid" time="0.322" /><testcase classname="tests.backend_test.TestAuth" name="test_me_requires_auth" time="0.319" /><testcase classname="tests.backend_test.TestAdminAccess" name="test_courier_forbidden_on_admin" time="0.362" /><testcase classname="tests.backend_test.TestAdminAccess" name="test_admin_stats_ok" time="0.305" /><testcase classname="tests.backend_test.TestAuth" name="test_me_authorized" time="0.396" /><testcase classname="tests.backend_test.TestAdminAccess" name="test_admin_reports" time="0.046" /><testcase classname="tests.backend_test.TestAdminAccess" name="test_admin_technicians" time="0.046" /><testcase classname="tests.backend_test.TestAuth" name="test_courier_login_role" time="0.313" /><testcase classname="tests.backend_test.TestAdminAccess" name="test_admin_couriers" time="0.047" /><testcase classname="tests.backend_test.TestAdminAccess" name="test_admin_units" time="0.228" /><testcase classname="tests.backend_test.TestAdminAccess" name="test_admin_tariffs_variants" time="0.083" /><testcase classname="tests.backend_test.TestAuth" name="test_technician_login_role" time="0.315" /><testcase classname="tests.backend_test.TestCourierRBAC" name="test_courier_can_list_own_schedules" time="0.238" /><testcase classname="tests.backend_test.TestCourierRBAC" name="test_courier_forbidden_on_tech" time="0.036" /><testcase classname="tests.backend_test.TestCourierRBAC" name="test_technician_forbidden_on_courier" time="0.104" /><testcase classname="tests.backend_test.TestRentalValidation" name="test_reject_invalid_durasi" time="0.225" /><testcase classname="tests.backend_test.TestCourierRBAC" name="test_no_auth_on_courier" time="0.099" /><testcase classname="tests.backend_test.TestRentalValidation" name="test_reject_no_consent" time="0.079" /><testcase classname="tests.backend_test.TestBillingsAndNotifications" name="test_e2e_order_has_scheduled_monthly_billings" time="0.105" /><testcase classname="tests.backend_test.TestRentalValidation" name="test_reject_past_date" time="0.130" /><testcase classname="tests.backend_test.TestBillingsAndNotifications" name="test_notifications_recorded" time="0.079" /><testcase classname="tests.backend_test.TestBillingsAndNotifications" name="test_notifications_filter_by_channel" time="0.051" /><testcase classname="tests.backend_test.TestRentalValidation" name="test_reject_invalid_hunian" time="0.093" /><testcase classname="tests.backend_test.TestWilayahCascading" name="test_provinsi_list" time="0.100" /><testcase classname="tests.backend_test.TestCronBilling" name="test_cron_no_auth_401" time="0.282" /><testcase classname="tests.backend_test.TestWilayahCascading" name="test_kota_by_provinsi" time="0.101" /><testcase classname="tests.backend_test.TestWilayahCascading" name="test_kecamatan_by_kota" time="0.081" /><testcase classname="tests.backend_test.TestContractDownload" name="test_contract_download_ok" time="0.144" /><testcase classname="tests.backend_test.TestCronBilling" name="test_cron_wrong_secret_401" time="0.129" /><testcase classname="tests.backend_test.TestContractDownload" name="test_contract_download_wrong_kontak_403" time="0.136" /><testcase classname="tests.backend_test.TestCronBilling" name="test_cron_valid_secret_ok_and_idempotent" time="0.287" /><testcase classname="tests.backend_test.TestExtension" name="test_extend_already_open_ended_rejected" time="0.096" /><testcase classname="tests.backend_test.TestExtension" name="test_extend_wrong_contact_forbidden" time="0.118" /><testcase classname="tests.backend_test.TestSettings" name="test_get_accounts" time="0.042" /><testcase classname="tests.backend_test.TestScheduleRoleGuard" name="test_delivery_to_technician_rejected" time="0.176" /><testcase classname="tests.backend_test.TestSettings" name="test_update_accounts_persists" time="0.265" /><testcase classname="tests.backend_test.TestScheduleRequestGuards" name="test_delivery_on_active_order_rejected" time="0.097" /><testcase classname="tests.backend_test.TestScheduleDeliveryDoneGuard" name="test_re_schedule_delivery_after_done_rejected" time="0.194" /><testcase classname="tests.backend_test.TestRentalV4Payload" name="test_reject_missing_provinsi" time="0.272" /></testsuite></testsuites>