<?xml version="1.0" encoding="utf-8"?><testsuites name="pytest tests"><testsuite name="pytest" errors="0" failures="1" skipped="0" tests="36" time="3.606" timestamp="2026-08-15T07:06:49.042564+00:00" hostname="agent-env-63f95310-7013-428a-8256-02c75ac3965d"><testcase classname="tests.backend_test.TestAdminAccess" name="test_technician_forbidden_on_admin" time="0.624" /><testcase classname="tests.backend_test.TestAdminOperations" name="test_list_endpoint[deliveries]" time="0.657" /><testcase classname="tests.backend_test.TestAdminAccess" name="test_no_auth_admin" time="0.079" /><testcase classname="tests.backend_test.TestAdminOperations" name="test_list_endpoint[installations]" time="0.029" /><testcase classname="tests.backend_test.TestAdminOperations" name="test_list_endpoint[maintenances]" time="0.072" /><testcase classname="tests.backend_test.TestAdminOperations" name="test_list_endpoint[returns]" time="0.244" /><testcase classname="tests.backend_test.TestAdminAccess" name="test_admin_stats_ok" time="0.336" /><testcase classname="tests.backend_test.TestAdminOperations" name="test_list_endpoint[schedules]" time="0.034" /><testcase classname="tests.backend_test.TestAdminOperations" name="test_list_endpoint[payments]" time="0.030" /><testcase classname="tests.backend_test.TestAdminAccess" name="test_admin_reports" time="0.072" /><testcase classname="tests.backend_test.TestAdminOperations" name="test_list_endpoint[orders]" time="0.030" /><testcase classname="tests.backend_test.TestAdminOperations" name="test_list_endpoint[customers]" time="0.031" /><testcase classname="tests.backend_test.TestAdminAccess" name="test_admin_technicians" time="0.068" /><testcase classname="tests.backend_test.TestPublic" name="test_tariffs_list" time="0.074" /><testcase classname="tests.backend_test.TestAdminAccess" name="test_admin_units_list" time="0.027" /><testcase classname="tests.backend_test.TestPublic" name="test_track_existing_order" time="0.083" /><testcase classname="tests.backend_test.TestAdminAccess" name="test_admin_tariffs_variants" time="0.028"><failure message="AssertionError: Tariff 1 PK Standart expected 248000 got 300000 (combos={('1.5 PK', 'Standart', 400000), ('0.5 PK', 'Standart', 198000), ('3 PK', 'Standart', 850000), ('1 PK', 'Standart', 248000), ('2 PK', 'Standart', 550000), ('1 PK', 'Standart', 300000), ('0.5 PK', 'Inverter', 248000)})&#10;assert 300000 == 248000">tests/backend_test.py:280: in test_admin_tariffs_variants
    assert got == expected, f"Tariff {kap} {variant} expected {expected} got {got} (combos={combos})"
E   AssertionError: Tariff 1 PK Standart expected 248000 got 300000 (combos={('1.5 PK', 'Standart', 400000), ('0.5 PK', 'Standart', 198000), ('3 PK', 'Standart', 850000), ('1 PK', 'Standart', 248000), ('2 PK', 'Standart', 550000), ('1 PK', 'Standart', 300000), ('0.5 PK', 'Inverter', 248000)})
E   assert 300000 == 248000</failure></testcase><testcase classname="tests.backend_test.TestAuth" name="test_login_success_sets_cookies" time="0.312" /><testcase classname="tests.backend_test.TestPublic" name="test_track_not_found" time="0.282" /><testcase classname="tests.backend_test.TestAuth" name="test_login_invalid" time="0.297" /><testcase classname="tests.backend_test.TestPublic" name="test_access_wrong_kontak_403" time="0.294" /><testcase classname="tests.backend_test.TestPublic" name="test_access_correct_kontak" time="0.075" /><testcase classname="tests.backend_test.TestAuth" name="test_me_requires_auth" time="0.069" /><testcase classname="tests.backend_test.TestAuth" name="test_me_authorized" time="0.029" /><testcase classname="tests.backend_test.TestPublic" name="test_legacy_order_still_trackable" time="0.070" /><testcase classname="tests.backend_test.TestAuth" name="test_bcrypt_hash_format" time="0.364" /><testcase classname="tests.backend_test.TestRentalSubmission" name="test_reject_invalid_durasi" time="0.321" /><testcase classname="tests.backend_test.TestE2EOrder" name="test_verified_invoice_details" time="0.081" /><testcase classname="tests.backend_test.TestRentalSubmission" name="test_reject_no_consent" time="0.085" /><testcase classname="tests.backend_test.TestE2EOrder" name="test_contract_signed" time="0.074" /><testcase classname="tests.backend_test.TestRentalSubmission" name="test_reject_past_date" time="0.067" /><testcase classname="tests.backend_test.TestE2EOrder" name="test_status_history_has_many_entries" time="0.071" /><testcase classname="tests.backend_test.TestRentalSubmission" name="test_reject_invalid_hunian" time="0.089" /><testcase classname="tests.backend_test.TestSettings" name="test_get_accounts" time="0.071" /><testcase classname="tests.backend_test.TestRentalSubmission" name="test_submit_success_returns_kode" time="0.476" /><testcase classname="tests.backend_test.TestSettings" name="test_update_accounts_persists" time="0.595" /></testsuite></testsuites>